<?xml version="1.0" encoding="UTF-8"?>
<!-- Generated by org.testng.reporters.JUnitXMLReporter -->
<testsuite ignored="1" hostname="DESKTOP" failures="1" tests="1" name="Test1" time="3.284" errors="0" timestamp="2023-03-08T22:59:43 IST">
  <testcase classname="simplilearn1.testing1.FirstTest" name="test1" time="3.256">
    <failure type="java.lang.AssertionError" message="title not matched expected [Google] but found [Googl]">
      <![CDATA[java.lang.AssertionError: title not matched expected [Google] but found [Googl]
at simplilearn1.testing1.FirstTest.test1(FirstTest.java:20)
at java.base/java.util.ArrayList.forEach(ArrayList.java:1541)
... Removed 32 stack frames]]>
    </failure>
  </testcase> <!-- test1 -->
  <testcase classname="simplilearn1.testing1.FirstTest" name="test2" time="0.0">
    <ignored/>
  </testcase> <!-- test2 -->
</testsuite> <!-- Test1 -->
