<?xml version="1.0" encoding="UTF-8"?>
<testng-results ignored="0" total="7" passed="7" failed="0" skipped="0">
  <reporter-output>
  </reporter-output>
  <suite started-at="2023-03-09T21:21:11 IST" name="Default suite" finished-at="2023-03-09T21:21:11 IST" duration-ms="88">
    <groups>
    </groups>
    <test started-at="2023-03-09T21:21:11 IST" name="Default test" finished-at="2023-03-09T21:21:11 IST" duration-ms="88">
      <class name="simplilearn1.testing1.FlightManagement">
        <test-method signature="signUp()[pri:1, instance:simplilearn1.testing1.FlightManagement@37858383]" started-at="2023-03-09T21:21:11 IST" name="signUp" finished-at="2023-03-09T21:21:11 IST" duration-ms="8" status="PASS">
          <reporter-output>
          </reporter-output>
        </test-method> <!-- signUp -->
        <test-method signature="signIn()[pri:2, instance:simplilearn1.testing1.FlightManagement@37858383]" started-at="2023-03-09T21:21:11 IST" name="signIn" finished-at="2023-03-09T21:21:11 IST" duration-ms="2" status="PASS">
          <reporter-output>
          </reporter-output>
        </test-method> <!-- signIn -->
        <test-method signature="searchForFlight()[pri:3, instance:simplilearn1.testing1.FlightManagement@37858383]" started-at="2023-03-09T21:21:11 IST" name="searchForFlight" finished-at="2023-03-09T21:21:11 IST" duration-ms="1" status="PASS">
          <reporter-output>
          </reporter-output>
        </test-method> <!-- searchForFlight -->
        <test-method signature="bookTicket()[pri:4, instance:simplilearn1.testing1.FlightManagement@37858383]" started-at="2023-03-09T21:21:11 IST" name="bookTicket" finished-at="2023-03-09T21:21:11 IST" duration-ms="1" status="PASS">
          <reporter-output>
          </reporter-output>
        </test-method> <!-- bookTicket -->
        <test-method signature="saveTicket()[pri:5, instance:simplilearn1.testing1.FlightManagement@37858383]" started-at="2023-03-09T21:21:11 IST" name="saveTicket" finished-at="2023-03-09T21:21:11 IST" duration-ms="0" status="PASS">
          <reporter-output>
          </reporter-output>
        </test-method> <!-- saveTicket -->
        <test-method signature="payTicket()[pri:6, instance:simplilearn1.testing1.FlightManagement@37858383]" started-at="2023-03-09T21:21:11 IST" name="payTicket" finished-at="2023-03-09T21:21:11 IST" duration-ms="0" status="PASS">
          <reporter-output>
          </reporter-output>
        </test-method> <!-- payTicket -->
        <test-method signature="logOut()[pri:7, instance:simplilearn1.testing1.FlightManagement@37858383]" started-at="2023-03-09T21:21:11 IST" name="logOut" finished-at="2023-03-09T21:21:11 IST" duration-ms="1" status="PASS">
          <reporter-output>
          </reporter-output>
        </test-method> <!-- logOut -->
      </class> <!-- simplilearn1.testing1.FlightManagement -->
    </test> <!-- Default test -->
  </suite> <!-- Default suite -->
</testng-results>
